21:08:14 Starting Bookokrat EPUB reader
21:08:14 [DEBUG] (1) bookokrat::settings: Loaded settings from "/home/river/.config/bookokrat/config.yaml"
21:08:14 [DEBUG] (1) bookokrat::theme: Applied saved theme: Oceanic Next
21:08:14 Image picker initial protocol type: Kitty
21:08:14 Kitty protocol detected, using Kitty
21:08:14 Final protocol type: Kitty
21:08:14 [DEBUG] (1) bookokrat::main_app: Initial terminal size: 196x49
21:12:52 Warning: draining many events (21), may indicate event accumulation issue
21:12:52 Warning: draining many events (22), may indicate event accumulation issue
21:12:52 Warning: draining many events (23), may indicate event accumulation issue
21:12:52 Warning: draining many events (24), may indicate event accumulation issue
21:12:52 Warning: draining many events (25), may indicate event accumulation issue
21:12:52 Warning: draining many events (26), may indicate event accumulation issue
21:12:52 Warning: draining many events (27), may indicate event accumulation issue
21:12:52 Warning: draining many events (28), may indicate event accumulation issue
21:12:52 Warning: draining many events (29), may indicate event accumulation issue
21:12:52 Warning: draining many events (30), may indicate event accumulation issue
21:12:52 Warning: draining many events (31), may indicate event accumulation issue
21:12:52 Warning: draining many events (32), may indicate event accumulation issue
21:12:52 Warning: draining many events (21), may indicate event accumulation issue
21:12:52 Warning: draining many events (22), may indicate event accumulation issue
21:12:52 Warning: draining many events (23), may indicate event accumulation issue
21:12:52 Warning: draining many events (24), may indicate event accumulation issue
21:12:52 Warning: draining many events (25), may indicate event accumulation issue
21:12:52 Warning: draining many events (26), may indicate event accumulation issue
21:12:52 Warning: draining many events (27), may indicate event accumulation issue
21:12:52 Warning: draining many events (21), may indicate event accumulation issue
21:12:52 Warning: draining many events (21), may indicate event accumulation issue
21:12:52 Warning: draining many events (21), may indicate event accumulation issue
21:26:15 Loading document from path: ./v01.epub
21:26:15 Attempting to load EPUB file: ./v01.epub
21:26:15 Successfully created EpubDoc for: ./v01.epub
21:26:15 EPUB spine details: 10 pages, current position: 0
21:26:15 EPUB title: Bloom Into You: Regarding Saeki Sayaka Vol. 1
21:26:15 EPUB author: Hitoma Iruma
21:26:15 Initial content available at position 0, mime: application/xhtml+xml, size: 1601 bytes
21:26:15 Successfully loaded EPUB document ./v01.epub, total_chapter: 10, current position: 0
21:26:15 [DEBUG] (1) bookokrat::images::book_images: Loading images for book: "./v01.epub"
21:26:15 Starting image extraction for: ./v01.epub
21:26:15 Found 26 resources in EPUB
21:26:15 [DEBUG] (1) bookokrat::images::image_storage: Extracting image BloomIntoYou-Vol1_INTERIORILLUSTRATIONS_3_jpg: "OEBPS/Images/BloomIntoYou-Vol1_INTERIORILLUSTRATIONS_3.jpg" (image/jpeg)
21:26:15 [DEBUG] (1) bookokrat::images::image_storage: Extracting image cover: "OEBPS/Images/CoverDesign.jpg" (image/jpeg)
21:26:15 [DEBUG] (1) bookokrat::images::image_storage: Extracting image BloomIntoYou-Vol1_INTERIORILLUSTRATIONS__jpg: "OEBPS/Images/BloomIntoYou-Vol1_INTERIORILLUSTRATIONS_.jpg" (image/jpeg)
21:26:15 [DEBUG] (1) bookokrat::images::image_storage: Extracting image BloomIntoYou-Vol1_FRONTMATTER_2_jpg: "OEBPS/Images/BloomIntoYou-Vol1_FRONTMATTER_2.jpg" (image/jpeg)
21:26:15 [DEBUG] (1) bookokrat::images::image_storage: Extracting image BloomIntoYou-Vol1_FRONTMATTER_4_jpg: "OEBPS/Images/BloomIntoYou-Vol1_FRONTMATTER_4.jpg" (image/jpeg)
21:26:15 [DEBUG] (1) bookokrat::images::image_storage: Extracting image BloomIntoYou-Vol1_INTERIORILLUSTRATIONS_2_jpg: "OEBPS/Images/BloomIntoYou-Vol1_INTERIORILLUSTRATIONS_2.jpg" (image/jpeg)
21:26:15 [DEBUG] (1) bookokrat::images::image_storage: Extracting image BloomIntoYou-Vol1_INTERIORILLUSTRATIONS_4_jpg: "OEBPS/Images/BloomIntoYou-Vol1_INTERIORILLUSTRATIONS_4.jpg" (image/jpeg)
21:26:15 [DEBUG] (1) bookokrat::images::image_storage: Extracting image BloomIntoYou-Vol1_COLORGALLERY__jpg: "OEBPS/Images/BloomIntoYou-Vol1_COLORGALLERY_.jpg" (image/jpeg)
21:26:15 [DEBUG] (1) bookokrat::images::image_storage: Extracting image BloomIntoYou-Vol1_FRONTMATTER__jpg: "OEBPS/Images/BloomIntoYou-Vol1_FRONTMATTER_.jpg" (image/jpeg)
21:26:15 [DEBUG] (1) bookokrat::images::image_storage: Extracting image BloomIntoYou-Vol1_COLORGALLERY_2-3_spread_jpg: "OEBPS/Images/BloomIntoYou-Vol1_COLORGALLERY_2-3_spread.jpg" (image/jpeg)
21:26:15 [DEBUG] (1) bookokrat::images::image_storage: Extracting image BloomIntoYou-Vol1_FRONTMATTER_3_jpg: "OEBPS/Images/BloomIntoYou-Vol1_FRONTMATTER_3.jpg" (image/jpeg)
21:26:15 [DEBUG] (1) bookokrat::images::image_storage: Extracting image sevenseaslogo_jpg: "OEBPS/Images/sevenseaslogo.jpg" (image/jpeg)
21:26:15 Extracted 12 images to "temp_images/v01" (content_root: Some("OEBPS"))
21:26:15 Failed to move to next chapter with go_next()
21:26:15 Current position: 9, Total chapters: 10
21:26:15 Attempting fallback: set_current_chapter(1)
21:26:15 Fallback successful: moved to chapter 1 using set_current_chapter
21:26:15 [DEBUG] (1) bookokrat::widget::text_reader::images: Found 0 images to load in document
21:26:16 [DEBUG] (1) bookokrat::images::image_storage: Resolved image '../Images/BloomIntoYou-Vol1_COLORGALLERY_.jpg' to '"temp_images/v01/OEBPS/Images/BloomIntoYou-Vol1_COLORGALLERY_.jpg"'
21:26:16 [DEBUG] (1) bookokrat::images::book_images: Image '../Images/BloomIntoYou-Vol1_COLORGALLERY_.jpg' size: 1403x2000
21:26:16 [DEBUG] (1) bookokrat::images::image_storage: Resolved image '../Images/BloomIntoYou-Vol1_COLORGALLERY_2-3_spread.jpg' to '"temp_images/v01/OEBPS/Images/BloomIntoYou-Vol1_COLORGALLERY_2-3_spread.jpg"'
21:26:16 [DEBUG] (1) bookokrat::images::book_images: Image '../Images/BloomIntoYou-Vol1_COLORGALLERY_2-3_spread.jpg' size: 2000x1441
21:26:16 [DEBUG] (1) bookokrat::widget::text_reader::images: Found 2 images to load in document
21:26:16 [DEBUG] (3) bookokrat::images::image_storage: Resolved image '../Images/BloomIntoYou-Vol1_COLORGALLERY_.jpg' to '"temp_images/v01/OEBPS/Images/BloomIntoYou-Vol1_COLORGALLERY_.jpg"'
21:26:17 [DEBUG] (3) bookokrat::images::book_images: Successfully loaded image: ../Images/BloomIntoYou-Vol1_COLORGALLERY_.jpg
21:26:17 [DEBUG] (3) bookokrat::images::book_images: Resizing ../Images/BloomIntoYou-Vol1_COLORGALLERY_.jpg from 1403x2000 to 452x645
21:26:17 [DEBUG] (3) bookokrat::images::image_storage: Resolved image '../Images/BloomIntoYou-Vol1_COLORGALLERY_2-3_spread.jpg' to '"temp_images/v01/OEBPS/Images/BloomIntoYou-Vol1_COLORGALLERY_2-3_spread.jpg"'
21:26:17 [DEBUG] (3) bookokrat::images::book_images: Successfully loaded image: ../Images/BloomIntoYou-Vol1_COLORGALLERY_2-3_spread.jpg
21:26:17 [DEBUG] (3) bookokrat::images::book_images: Resizing ../Images/BloomIntoYou-Vol1_COLORGALLERY_2-3_spread.jpg from 2000x1441 to 895x645
21:26:17 Background image loading complete: 2 images loaded and scaled in 522.152989ms
21:26:17 [DEBUG] (1) bookokrat::images::background_image_loader: Received 2 loaded images from background thread
21:26:17 [DEBUG] (1) bookokrat::main_app: Images loaded, forcing redraw
21:26:17 [DEBUG] (1) bookokrat::vendored::ratatui_image::protocol::kitty: Kitty protocol: compressed 150KB to 0KB (100% reduction)
21:26:17 [DEBUG] (1) bookokrat::vendored::ratatui_image::protocol::kitty: Kitty protocol: compressed 150KB to 9KB (94% reduction)
21:26:17 [DEBUG] (1) bookokrat::vendored::ratatui_image::protocol::kitty: Kitty protocol: compressed 150KB to 10KB (93% reduction)
21:26:17 [DEBUG] (1) bookokrat::vendored::ratatui_image::protocol::kitty: Kitty protocol: compressed 150KB to 44KB (71% reduction)
21:26:17 [DEBUG] (1) bookokrat::vendored::ratatui_image::protocol::kitty: Kitty protocol: compressed 150KB to 74KB (51% reduction)
21:26:17 [DEBUG] (1) bookokrat::vendored::ratatui_image::protocol::kitty: Kitty protocol: compressed 150KB to 79KB (48% reduction)
21:26:17 [DEBUG] (1) bookokrat::vendored::ratatui_image::protocol::kitty: Kitty protocol: compressed 150KB to 94KB (38% reduction)
21:26:17 [DEBUG] (1) bookokrat::vendored::ratatui_image::protocol::kitty: Kitty protocol: compressed 150KB to 89KB (41% reduction)
21:26:17 [DEBUG] (1) bookokrat::vendored::ratatui_image::protocol::kitty: Kitty protocol: compressed 150KB to 70KB (53% reduction)
21:26:17 [DEBUG] (1) bookokrat::vendored::ratatui_image::protocol::kitty: Kitty protocol: compressed 150KB to 62KB (59% reduction)
21:26:17 [DEBUG] (1) bookokrat::vendored::ratatui_image::protocol::kitty: Kitty protocol: compressed 150KB to 62KB (59% reduction)
21:26:17 [DEBUG] (1) bookokrat::vendored::ratatui_image::protocol::kitty: Kitty protocol: compressed 150KB to 61KB (59% reduction)
21:26:17 [DEBUG] (1) bookokrat::vendored::ratatui_image::protocol::kitty: Kitty protocol: compressed 150KB to 51KB (66% reduction)
21:26:17 [DEBUG] (1) bookokrat::vendored::ratatui_image::protocol::kitty: Kitty protocol: compressed 150KB to 49KB (67% reduction)
21:26:17 [DEBUG] (1) bookokrat::vendored::ratatui_image::protocol::kitty: Kitty protocol: compressed 150KB to 38KB (75% reduction)
21:26:17 [DEBUG] (1) bookokrat::vendored::ratatui_image::protocol::kitty: Kitty protocol: compressed 75KB to 27KB (65% reduction)
21:26:17 [DEBUG] (1) bookokrat::vendored::ratatui_image::protocol::kitty: Kitty protocol: compressed 75KB to 36KB (53% reduction)
21:26:17 [DEBUG] (1) bookokrat::vendored::ratatui_image::protocol::kitty: Kitty protocol: compressed 75KB to 37KB (51% reduction)
21:26:17 [DEBUG] (1) bookokrat::vendored::ratatui_image::protocol::kitty: Kitty protocol: compressed 75KB to 37KB (51% reduction)
21:26:17 [DEBUG] (1) bookokrat::vendored::ratatui_image::protocol::kitty: Kitty protocol: compressed 75KB to 35KB (54% reduction)
21:26:17 [DEBUG] (1) bookokrat::vendored::ratatui_image::protocol::kitty: Kitty protocol: compressed 75KB to 24KB (68% reduction)
21:26:17 [DEBUG] (1) bookokrat::vendored::ratatui_image::protocol::kitty: Kitty protocol: compressed 75KB to 17KB (78% reduction)
21:26:17 [DEBUG] (1) bookokrat::vendored::ratatui_image::protocol::kitty: Kitty protocol: compressed 75KB to 16KB (78% reduction)
21:26:17 [DEBUG] (1) bookokrat::vendored::ratatui_image::protocol::kitty: Kitty protocol: compressed 75KB to 28KB (63% reduction)
21:26:17 [DEBUG] (1) bookokrat::vendored::ratatui_image::protocol::kitty: Kitty protocol: compressed 75KB to 37KB (52% reduction)
21:26:17 [DEBUG] (1) bookokrat::vendored::ratatui_image::protocol::kitty: Kitty protocol: compressed 75KB to 30KB (61% reduction)
21:26:17 [DEBUG] (1) bookokrat::vendored::ratatui_image::protocol::kitty: Kitty protocol: compressed 75KB to 38KB (50% reduction)
21:26:17 [DEBUG] (1) bookokrat::vendored::ratatui_image::protocol::kitty: Kitty protocol: compressed 75KB to 41KB (46% reduction)
21:26:17 [DEBUG] (1) bookokrat::vendored::ratatui_image::protocol::kitty: Kitty protocol: compressed 75KB to 42KB (44% reduction)
21:26:17 [DEBUG] (1) bookokrat::vendored::ratatui_image::protocol::kitty: Kitty protocol: compressed 75KB to 38KB (50% reduction)
21:26:18 [DEBUG] (1) bookokrat::main_app: Terminal draw/flush took 903ms
21:26:20 [DEBUG] (1) bookokrat::images::image_storage: Resolved image '../Images/BloomIntoYou-Vol1_FRONTMATTER_.jpg' to '"temp_images/v01/OEBPS/Images/BloomIntoYou-Vol1_FRONTMATTER_.jpg"'
21:26:20 [DEBUG] (1) bookokrat::images::book_images: Image '../Images/BloomIntoYou-Vol1_FRONTMATTER_.jpg' size: 1403x2000
21:26:20 [DEBUG] (1) bookokrat::widget::text_reader::images: Found 1 images to load in document
21:26:20 [DEBUG] (4) bookokrat::images::image_storage: Resolved image '../Images/BloomIntoYou-Vol1_FRONTMATTER_.jpg' to '"temp_images/v01/OEBPS/Images/BloomIntoYou-Vol1_FRONTMATTER_.jpg"'
21:26:20 [DEBUG] (1) bookokrat::main_app: Terminal draw/flush took 21ms
21:26:20 [DEBUG] (4) bookokrat::images::book_images: Successfully loaded image: ../Images/BloomIntoYou-Vol1_FRONTMATTER_.jpg
21:26:20 [DEBUG] (4) bookokrat::images::book_images: Resizing ../Images/BloomIntoYou-Vol1_FRONTMATTER_.jpg from 1403x2000 to 452x645
21:26:20 Background image loading complete: 1 images loaded and scaled in 237.402327ms
21:26:20 [DEBUG] (1) bookokrat::images::background_image_loader: Received 1 loaded images from background thread
21:26:20 [DEBUG] (1) bookokrat::main_app: Images loaded, forcing redraw
21:26:20 [DEBUG] (1) bookokrat::vendored::ratatui_image::protocol::kitty: Kitty protocol: compressed 75KB to 17KB (78% reduction)
21:26:20 [DEBUG] (1) bookokrat::vendored::ratatui_image::protocol::kitty: Kitty protocol: compressed 75KB to 20KB (74% reduction)
21:26:20 [DEBUG] (1) bookokrat::vendored::ratatui_image::protocol::kitty: Kitty protocol: compressed 75KB to 19KB (75% reduction)
21:26:20 [DEBUG] (1) bookokrat::vendored::ratatui_image::protocol::kitty: Kitty protocol: compressed 75KB to 17KB (77% reduction)
21:26:20 [DEBUG] (1) bookokrat::vendored::ratatui_image::protocol::kitty: Kitty protocol: compressed 75KB to 17KB (77% reduction)
21:26:20 [DEBUG] (1) bookokrat::vendored::ratatui_image::protocol::kitty: Kitty protocol: compressed 75KB to 19KB (75% reduction)
21:26:20 [DEBUG] (1) bookokrat::vendored::ratatui_image::protocol::kitty: Kitty protocol: compressed 75KB to 21KB (73% reduction)
21:26:20 [DEBUG] (1) bookokrat::vendored::ratatui_image::protocol::kitty: Kitty protocol: compressed 75KB to 19KB (74% reduction)
21:26:20 [DEBUG] (1) bookokrat::vendored::ratatui_image::protocol::kitty: Kitty protocol: compressed 75KB to 17KB (78% reduction)
21:26:20 [DEBUG] (1) bookokrat::vendored::ratatui_image::protocol::kitty: Kitty protocol: compressed 75KB to 19KB (75% reduction)
21:26:20 [DEBUG] (1) bookokrat::vendored::ratatui_image::protocol::kitty: Kitty protocol: compressed 75KB to 21KB (72% reduction)
21:26:20 [DEBUG] (1) bookokrat::vendored::ratatui_image::protocol::kitty: Kitty protocol: compressed 75KB to 20KB (74% reduction)
21:26:20 [DEBUG] (1) bookokrat::vendored::ratatui_image::protocol::kitty: Kitty protocol: compressed 75KB to 23KB (70% reduction)
21:26:20 [DEBUG] (1) bookokrat::vendored::ratatui_image::protocol::kitty: Kitty protocol: compressed 75KB to 21KB (72% reduction)
21:26:20 [DEBUG] (1) bookokrat::vendored::ratatui_image::protocol::kitty: Kitty protocol: compressed 75KB to 20KB (74% reduction)
21:26:20 [DEBUG] (1) bookokrat::main_app: Terminal draw/flush took 294ms
21:26:21 [DEBUG] (1) bookokrat::images::image_storage: Resolved image '../Images/BloomIntoYou-Vol1_FRONTMATTER_2.jpg' to '"temp_images/v01/OEBPS/Images/BloomIntoYou-Vol1_FRONTMATTER_2.jpg"'
21:26:21 [DEBUG] (1) bookokrat::images::book_images: Image '../Images/BloomIntoYou-Vol1_FRONTMATTER_2.jpg' size: 1403x2000
21:26:21 [DEBUG] (1) bookokrat::images::image_storage: Resolved image '../Images/BloomIntoYou-Vol1_FRONTMATTER_3.jpg' to '"temp_images/v01/OEBPS/Images/BloomIntoYou-Vol1_FRONTMATTER_3.jpg"'
21:26:21 [DEBUG] (1) bookokrat::images::book_images: Image '../Images/BloomIntoYou-Vol1_FRONTMATTER_3.jpg' size: 1403x2000
21:26:21 [DEBUG] (1) bookokrat::widget::text_reader::images: Found 2 images to load in document
21:26:21 [DEBUG] (5) bookokrat::images::image_storage: Resolved image '../Images/BloomIntoYou-Vol1_FRONTMATTER_2.jpg' to '"temp_images/v01/OEBPS/Images/BloomIntoYou-Vol1_FRONTMATTER_2.jpg"'
21:26:21 [DEBUG] (5) bookokrat::images::book_images: Successfully loaded image: ../Images/BloomIntoYou-Vol1_FRONTMATTER_2.jpg
21:26:21 [DEBUG] (5) bookokrat::images::book_images: Resizing ../Images/BloomIntoYou-Vol1_FRONTMATTER_2.jpg from 1403x2000 to 452x645
21:26:21 [DEBUG] (5) bookokrat::images::image_storage: Resolved image '../Images/BloomIntoYou-Vol1_FRONTMATTER_3.jpg' to '"temp_images/v01/OEBPS/Images/BloomIntoYou-Vol1_FRONTMATTER_3.jpg"'
21:26:21 [DEBUG] (5) bookokrat::images::book_images: Successfully loaded image: ../Images/BloomIntoYou-Vol1_FRONTMATTER_3.jpg
21:26:21 [DEBUG] (5) bookokrat::images::book_images: Resizing ../Images/BloomIntoYou-Vol1_FRONTMATTER_3.jpg from 1403x2000 to 452x645
21:26:21 Background image loading complete: 2 images loaded and scaled in 196.123055ms
21:26:21 [DEBUG] (1) bookokrat::images::background_image_loader: Received 2 loaded images from background thread
21:26:21 [DEBUG] (1) bookokrat::main_app: Images loaded, forcing redraw
21:26:21 [DEBUG] (1) bookokrat::vendored::ratatui_image::protocol::kitty: Kitty protocol: compressed 75KB to 0KB (100% reduction)
21:26:21 [DEBUG] (1) bookokrat::vendored::ratatui_image::protocol::kitty: Kitty protocol: compressed 75KB to 0KB (100% reduction)
21:26:21 [DEBUG] (1) bookokrat::vendored::ratatui_image::protocol::kitty: Kitty protocol: compressed 75KB to 8KB (90% reduction)
21:26:21 [DEBUG] (1) bookokrat::vendored::ratatui_image::protocol::kitty: Kitty protocol: compressed 75KB to 6KB (92% reduction)
21:26:21 [DEBUG] (1) bookokrat::vendored::ratatui_image::protocol::kitty: Kitty protocol: compressed 75KB to 7KB (90% reduction)
21:26:21 [DEBUG] (1) bookokrat::vendored::ratatui_image::protocol::kitty: Kitty protocol: compressed 75KB to 12KB (84% reduction)
21:26:21 [DEBUG] (1) bookokrat::vendored::ratatui_image::protocol::kitty: Kitty protocol: compressed 75KB to 9KB (88% reduction)
21:26:21 [DEBUG] (1) bookokrat::vendored::ratatui_image::protocol::kitty: Kitty protocol: compressed 75KB to 12KB (84% reduction)
21:26:21 [DEBUG] (1) bookokrat::vendored::ratatui_image::protocol::kitty: Kitty protocol: compressed 75KB to 5KB (93% reduction)
21:26:21 [DEBUG] (1) bookokrat::vendored::ratatui_image::protocol::kitty: Kitty protocol: compressed 75KB to 6KB (92% reduction)
21:26:21 [DEBUG] (1) bookokrat::vendored::ratatui_image::protocol::kitty: Kitty protocol: compressed 75KB to 8KB (90% reduction)
21:26:21 [DEBUG] (1) bookokrat::vendored::ratatui_image::protocol::kitty: Kitty protocol: compressed 75KB to 10KB (87% reduction)
21:26:21 [DEBUG] (1) bookokrat::vendored::ratatui_image::protocol::kitty: Kitty protocol: compressed 75KB to 6KB (92% reduction)
21:26:21 [DEBUG] (1) bookokrat::vendored::ratatui_image::protocol::kitty: Kitty protocol: compressed 75KB to 6KB (93% reduction)
21:26:21 [DEBUG] (1) bookokrat::vendored::ratatui_image::protocol::kitty: Kitty protocol: compressed 75KB to 0KB (100% reduction)
21:26:21 [DEBUG] (1) bookokrat::vendored::ratatui_image::protocol::kitty: Kitty protocol: compressed 75KB to 0KB (100% reduction)
21:26:21 [DEBUG] (1) bookokrat::vendored::ratatui_image::protocol::kitty: Kitty protocol: compressed 75KB to 0KB (100% reduction)
21:26:21 [DEBUG] (1) bookokrat::vendored::ratatui_image::protocol::kitty: Kitty protocol: compressed 75KB to 0KB (100% reduction)
21:26:21 [DEBUG] (1) bookokrat::vendored::ratatui_image::protocol::kitty: Kitty protocol: compressed 75KB to 0KB (100% reduction)
21:26:21 [DEBUG] (1) bookokrat::vendored::ratatui_image::protocol::kitty: Kitty protocol: compressed 75KB to 0KB (100% reduction)
21:26:21 [DEBUG] (1) bookokrat::vendored::ratatui_image::protocol::kitty: Kitty protocol: compressed 75KB to 2KB (97% reduction)
21:26:21 [DEBUG] (1) bookokrat::vendored::ratatui_image::protocol::kitty: Kitty protocol: compressed 75KB to 7KB (91% reduction)
21:26:21 [DEBUG] (1) bookokrat::vendored::ratatui_image::protocol::kitty: Kitty protocol: compressed 75KB to 8KB (89% reduction)
21:26:21 [DEBUG] (1) bookokrat::vendored::ratatui_image::protocol::kitty: Kitty protocol: compressed 75KB to 2KB (97% reduction)
21:26:21 [DEBUG] (1) bookokrat::vendored::ratatui_image::protocol::kitty: Kitty protocol: compressed 75KB to 0KB (100% reduction)
21:26:21 [DEBUG] (1) bookokrat::vendored::ratatui_image::protocol::kitty: Kitty protocol: compressed 75KB to 0KB (100% reduction)
21:26:21 [DEBUG] (1) bookokrat::vendored::ratatui_image::protocol::kitty: Kitty protocol: compressed 75KB to 0KB (100% reduction)
21:26:21 [DEBUG] (1) bookokrat::vendored::ratatui_image::protocol::kitty: Kitty protocol: compressed 75KB to 0KB (100% reduction)
21:26:21 [DEBUG] (1) bookokrat::vendored::ratatui_image::protocol::kitty: Kitty protocol: compressed 75KB to 0KB (100% reduction)
21:26:21 [DEBUG] (1) bookokrat::vendored::ratatui_image::protocol::kitty: Kitty protocol: compressed 75KB to 0KB (100% reduction)
21:26:21 [DEBUG] (1) bookokrat::main_app: Terminal draw/flush took 278ms
21:26:22 [DEBUG] (1) bookokrat::images::image_storage: Resolved image '../Images/BloomIntoYou-Vol1_FRONTMATTER_4.jpg' to '"temp_images/v01/OEBPS/Images/BloomIntoYou-Vol1_FRONTMATTER_4.jpg"'
21:26:22 [DEBUG] (1) bookokrat::images::book_images: Image '../Images/BloomIntoYou-Vol1_FRONTMATTER_4.jpg' size: 1403x2000
21:26:22 [DEBUG] (1) bookokrat::widget::text_reader::images: Found 1 images to load in document
21:26:22 [DEBUG] (6) bookokrat::images::image_storage: Resolved image '../Images/BloomIntoYou-Vol1_FRONTMATTER_4.jpg' to '"temp_images/v01/OEBPS/Images/BloomIntoYou-Vol1_FRONTMATTER_4.jpg"'
21:26:22 [DEBUG] (6) bookokrat::images::book_images: Successfully loaded image: ../Images/BloomIntoYou-Vol1_FRONTMATTER_4.jpg
21:26:22 [DEBUG] (6) bookokrat::images::book_images: Resizing ../Images/BloomIntoYou-Vol1_FRONTMATTER_4.jpg from 1403x2000 to 452x645
21:26:22 Background image loading complete: 1 images loaded and scaled in 199.069566ms
21:26:22 [DEBUG] (1) bookokrat::images::background_image_loader: Received 1 loaded images from background thread
21:26:22 [DEBUG] (1) bookokrat::main_app: Images loaded, forcing redraw
21:26:22 [DEBUG] (1) bookokrat::vendored::ratatui_image::protocol::kitty: Kitty protocol: compressed 75KB to 32KB (58% reduction)
21:26:22 [DEBUG] (1) bookokrat::vendored::ratatui_image::protocol::kitty: Kitty protocol: compressed 75KB to 32KB (58% reduction)
21:26:22 [DEBUG] (1) bookokrat::vendored::ratatui_image::protocol::kitty: Kitty protocol: compressed 75KB to 28KB (63% reduction)
21:26:22 [DEBUG] (1) bookokrat::vendored::ratatui_image::protocol::kitty: Kitty protocol: compressed 75KB to 27KB (64% reduction)
21:26:22 [DEBUG] (1) bookokrat::vendored::ratatui_image::protocol::kitty: Kitty protocol: compressed 75KB to 28KB (62% reduction)
21:26:22 [DEBUG] (1) bookokrat::vendored::ratatui_image::protocol::kitty: Kitty protocol: compressed 75KB to 24KB (68% reduction)
21:26:22 [DEBUG] (1) bookokrat::vendored::ratatui_image::protocol::kitty: Kitty protocol: compressed 75KB to 20KB (73% reduction)
21:26:22 [DEBUG] (1) bookokrat::vendored::ratatui_image::protocol::kitty: Kitty protocol: compressed 75KB to 15KB (80% reduction)
21:26:22 [DEBUG] (1) bookokrat::vendored::ratatui_image::protocol::kitty: Kitty protocol: compressed 75KB to 8KB (90% reduction)
21:26:22 [DEBUG] (1) bookokrat::vendored::ratatui_image::protocol::kitty: Kitty protocol: compressed 75KB to 3KB (96% reduction)
21:26:22 [DEBUG] (1) bookokrat::vendored::ratatui_image::protocol::kitty: Kitty protocol: compressed 75KB to 3KB (96% reduction)
21:26:22 [DEBUG] (1) bookokrat::vendored::ratatui_image::protocol::kitty: Kitty protocol: compressed 75KB to 1KB (99% reduction)
21:26:22 [DEBUG] (1) bookokrat::vendored::ratatui_image::protocol::kitty: Kitty protocol: compressed 75KB to 3KB (96% reduction)
21:26:22 [DEBUG] (1) bookokrat::vendored::ratatui_image::protocol::kitty: Kitty protocol: compressed 75KB to 4KB (95% reduction)
21:26:22 [DEBUG] (1) bookokrat::vendored::ratatui_image::protocol::kitty: Kitty protocol: compressed 75KB to 0KB (100% reduction)
21:26:22 [DEBUG] (1) bookokrat::main_app: Terminal draw/flush took 227ms
21:26:23 [DEBUG] (1) bookokrat::images::image_storage: Resolved image '../Images/BloomIntoYou-Vol1_INTERIORILLUSTRATIONS_.jpg' to '"temp_images/v01/OEBPS/Images/BloomIntoYou-Vol1_INTERIORILLUSTRATIONS_.jpg"'
21:26:23 [DEBUG] (1) bookokrat::images::book_images: Image '../Images/BloomIntoYou-Vol1_INTERIORILLUSTRATIONS_.jpg' size: 1403x2000
21:26:23 [DEBUG] (1) bookokrat::widget::text_reader::images: Found 1 images to load in document
21:26:23 [DEBUG] (7) bookokrat::images::image_storage: Resolved image '../Images/BloomIntoYou-Vol1_INTERIORILLUSTRATIONS_.jpg' to '"temp_images/v01/OEBPS/Images/BloomIntoYou-Vol1_INTERIORILLUSTRATIONS_.jpg"'
21:26:23 [DEBUG] (1) bookokrat::main_app: Terminal draw/flush took 26ms
21:26:23 [DEBUG] (7) bookokrat::images::book_images: Successfully loaded image: ../Images/BloomIntoYou-Vol1_INTERIORILLUSTRATIONS_.jpg
21:26:23 [DEBUG] (7) bookokrat::images::book_images: Resizing ../Images/BloomIntoYou-Vol1_INTERIORILLUSTRATIONS_.jpg from 1403x2000 to 452x645
21:26:23 Background image loading complete: 1 images loaded and scaled in 158.633284ms
21:26:23 [DEBUG] (1) bookokrat::images::background_image_loader: Received 1 loaded images from background thread
21:26:23 [DEBUG] (1) bookokrat::main_app: Images loaded, forcing redraw
